<?xml version="1.0" encoding="UTF-8"?>
<!-- Generated by org.testng.reporters.JUnitReportReporter -->
<testsuite hostname="RAMYA-S" failures="0" tests="2" name="testScripts.SampleTwoTest" time="0.007" errors="0" timestamp="2023-05-09T17:45:52 IST" skipped="0">
  <testcase classname="testScripts.SampleTwoTest" name="testOne" time="0.006"/>
  <system-out/>
  <testcase classname="testScripts.SampleTwoTest" name="testTwo" time="0.001"/>
  <system-out/>
</testsuite> <!-- testScripts.SampleTwoTest -->
