<?xml version="1.0" encoding="UTF-8"?>
<!-- Generated by org.testng.reporters.JUnitReportReporter -->
<testsuite hostname="RAMYA-S" failures="0" tests="2" name="testScripts.SampleThreeTest" time="0.001" errors="0" timestamp="2023-05-09T17:45:52 IST" skipped="0">
  <testcase classname="testScripts.SampleThreeTest" name="testThree" time="0.000"/>
  <system-out/>
  <testcase classname="testScripts.SampleThreeTest" name="testTwo" time="0.001"/>
  <system-out/>
</testsuite> <!-- testScripts.SampleThreeTest -->
