<?xml version="1.0" encoding="UTF-8"?>
<!-- Generated by org.testng.reporters.JUnitReportReporter -->
<testsuite hostname="RAMYA-S" failures="0" tests="4" name="parallelScripts.SampleTwoTest" time="0.003" errors="0" timestamp="2023-05-10T15:09:44 IST" skipped="0">
  <testcase classname="parallelScripts.SampleTwoTest" name="testTwo" time="0.001"/>
  <system-out/>
  <testcase classname="parallelScripts.SampleTwoTest" name="testOne" time="0.001"/>
  <system-out/>
  <testcase classname="parallelScripts.SampleTwoTest" name="testFour" time="0.000"/>
  <system-out/>
  <testcase classname="parallelScripts.SampleTwoTest" name="testThree" time="0.001"/>
  <system-out/>
</testsuite> <!-- parallelScripts.SampleTwoTest -->
