<?xml version="1.0" encoding="UTF-8"?>
<!-- Generated by org.testng.reporters.JUnitReportReporter -->
<testsuite hostname="RAMYA-S" failures="0" tests="1" name="testScripts.OpencartRegistration" time="19.229" errors="0" timestamp="2023-05-10T13:47:23 IST" skipped="0">
  <testcase classname="testScripts.OpencartRegistration" name="register" time="19.229"/>
  <system-out/>
</testsuite> <!-- testScripts.OpencartRegistration -->
