<?xml version="1.0" encoding="UTF-8"?>
<!-- Generated by org.testng.reporters.JUnitReportReporter -->
<testsuite hostname="RAMYA-S" failures="0" tests="1" name="testScripts.RemoteDriverTest" time="28.907" errors="0" timestamp="2023-05-11T17:55:20 IST" skipped="0">
  <testcase classname="testScripts.RemoteDriverTest" name="test" time="28.907"/>
  <system-out/>
</testsuite> <!-- testScripts.RemoteDriverTest -->
